
=== Go IVM Soak Traffic Generator ===
  Sandbox:    rust-test
  Users:      10 concurrent
  CG fanout:  10 CGs × 1 client(s)/CG = 10 connections
  Seed:       1781872130301  (replay with --seed 1781872130301)
  Duration:   300s
  Cycle:      5000ms (query churn interval)
  Mutations:  disabled
  Proxy:      ws://rust-test.localhost/zero

  Healthy containers: 4
  pprof baseline: goroutines=26 heapInuse=38.2MB (http://localhost:6060)

  All 10 clients launched (10 CGs × 1 client(s)). Running for 300s...

[13s] active=10 conns=10 queries=171 frames=200 errors=0 reconnects=0 drift=0
[23s] active=10 conns=10 queries=190 frames=318 errors=0 reconnects=0 drift=0
[33s] active=10 conns=10 queries=209 frames=459 errors=0 reconnects=0 drift=0
[43s] active=10 conns=10 queries=225 frames=563 errors=0 reconnects=0 drift=0
[53s] active=10 conns=10 queries=243 frames=666 errors=0 reconnects=0 drift=0
[63s] active=10 conns=10 queries=261 frames=838 errors=0 reconnects=0 drift=0
[73s] active=10 conns=10 queries=277 frames=931 errors=0 reconnects=0 drift=0
[83s] active=10 conns=10 queries=295 frames=1045 errors=0 reconnects=0 drift=0
[93s] active=10 conns=10 queries=312 frames=1145 errors=0 reconnects=0 drift=0
[103s] active=10 conns=10 queries=322 frames=1215 errors=0 reconnects=0 drift=0
[113s] active=10 conns=10 queries=342 frames=1335 errors=0 reconnects=0 drift=0
[123s] active=10 conns=10 queries=361 frames=1443 errors=0 reconnects=0 drift=0
[133s] active=10 conns=10 queries=378 frames=1556 errors=0 reconnects=0 drift=0
[143s] active=10 conns=10 queries=395 frames=1652 errors=0 reconnects=0 drift=0
[153s] active=10 conns=10 queries=412 frames=1754 errors=0 reconnects=0 drift=0
[163s] active=10 conns=10 queries=428 frames=1857 errors=0 reconnects=0 drift=0
[173s] active=10 conns=10 queries=447 frames=1971 errors=0 reconnects=0 drift=0
[183s] active=10 conns=10 queries=464 frames=2073 errors=0 reconnects=0 drift=0
[193s] active=10 conns=10 queries=481 frames=2175 errors=0 reconnects=0 drift=0
[203s] active=10 conns=10 queries=499 frames=2279 errors=0 reconnects=0 drift=0
[213s] active=10 conns=10 queries=517 frames=2367 errors=0 reconnects=0 drift=0
[223s] active=10 conns=10 queries=527 frames=2447 errors=0 reconnects=0 drift=0
[233s] active=10 conns=10 queries=537 frames=2506 errors=0 reconnects=0 drift=0
[243s] active=10 conns=10 queries=557 frames=2674 errors=0 reconnects=0 drift=0
[253s] active=10 conns=10 queries=575 frames=2782 errors=0 reconnects=0 drift=0
[263s] active=10 conns=10 queries=590 frames=2874 errors=0 reconnects=0 drift=0
[273s] active=10 conns=10 queries=606 frames=2972 errors=0 reconnects=0 drift=0
[283s] active=10 conns=10 queries=625 frames=3087 errors=0 reconnects=0 drift=0
[293s] active=10 conns=10 queries=642 frames=3183 errors=0 reconnects=0 drift=0

=== Final Report ===
[305s] active=0 conns=10 queries=659 frames=3285 errors=0 reconnects=0 drift=0

  Total [GO-IVM][drift] events in shadow zero-cache: 0

  Template usage (160/160 indices fired):
    [126]    9  gap-IS-NULL-on-bool-col
    [136]    9  gap-int64-boundary-ordering
    [39]    9  tickets-with-assignments-exists-convs
    [110]    8  gap-CSQ-subquery-with-start
    [144]    8  gap-LIMIT-no-explicit-orderBy
    [ 9]    8  convs-chan-5
    [140]    7  gap-CSQ-system-test
    [32]    7  tickets-multi-join
    [122]    7  gap-col-eq-NULL-literal
    [133]    7  gap-noop-edit-target
    [37]    7  convs-with-msgs-exists-limit
    [107]    7  gap-related-LWW-dedup
    [119]    7  gap-LIKE-on-number
    [10]    6  participants-chan-1
    [80]    6  gap-related-with-inner-EXISTS
    [120]    6  gap-bool-ordered-comparison
    [130]    6  gap-bulk-insert-target
    [102]    6  gap-Skip-after-last
    [132]    6  gap-insert-then-update-target
    [13]    6  sent-msgs-3
    [44]    6  channels-or-public-or-member-PROD-REPRO
    [114]    6  gap-NOT-IN-against-nullable-col
    [134]    6  gap-empty-string-filter
    [154]    6  ord-multikey-priority-created
    [ 5]    6  urgent-tickets
    [35]    6  tickets-null-assigned-limit
    [115]    6  gap-IN-against-nullable-col
    [16]    6  tickets-with-assignments
    [27]    6  tickets-unassigned-null
    [108]    6  gap-CSQ-hidden-true
    [128]    6  gap-Take-partitionKey-edit
    [40]    5  assigned-tickets-sorted
    [ 1]    5  all-users
    [41]    5  tickets-with-metadata-cols
    [111]    5  gap-CSQ-with-related-inside
    [ 2]    5  recent-messages
    [12]    5  ticket-assignments
    [72]    5  related-AND-where-exists
    [82]    5  gap-EXISTS-in-nested-ORs
    [112]    5  gap-IN-empty-list
    [152]    5  ord-nullable-assignedTo-asc
    [ 3]    5  msgs-conv-4
    [63]    5  shape-OR-EXISTS-NOT-EXISTS
    [93]    5  gap-AND-EXISTS-OR-with-EXISTS
    [143]    5  gap-LIMIT-exceeds-rowcount
    [24]    5  oldest-3-messages
    [34]    5  all-conversations
    [104]    5  gap-LIMIT-0
    [124]    5  gap-OR-with-NULL-branch
    [55]    5  op-range-AND
    [95]    5  gap-OR-mixed-AND-branches
    [26]    5  messages-large-limit
    [67]    5  take-LIMIT-1-boundary
    [77]    5  gap-3-level-nested-bool
    [117]    5  gap-cross-type-num-eq-str
    [28]    5  tickets-assigned-notnull
    [98]    5  gap-Skip-Take-EXISTS
    [118]    5  gap-cross-type-str-eq-num
    [158]    5  mult-fanout-channels-participants-users
    [29]    5  tickets-complex-predicate
    [69]    5  skip-cursor-exclusive
    [149]    5  gap-NOT-LIKE-prefix
    [50]    4  op-IN-string
    [60]    4  exists-parent-AND-simple
    [70]    4  skip-take-filter-combined
    [90]    4  gap-AND-3-CSQ-mixed
    [100]    4  gap-Skip-multi-col-orderBy
    [11]    4  my-tickets-1
    [31]    4  tickets-with-user-assignments-1
    [22]    4  channels-convs-msgs-nested
    [42]    4  channels-with-convs-and-participants
    [142]    4  gap-empty-result
    [73]    4  deep-nested-related-4-levels
    [103]    4  gap-Skip-before-first
    [153]    4  ord-nullable-assignedTo-desc
    [14]    4  open-tickets
    [64]    4  shape-AND-of-two-ORs-with-EXISTS
    [84]    4  gap-Skip-with-EXISTS
    [25]    4  latest-single-ticket
    [75]    4  gap-composite-key-correlation
    [125]    4  gap-IS-NULL-on-json-col
    [135]    4  gap-Unicode-LIKE
    [ 6]    4  active-channels
    [66]    4  shape-OR-simple-OR-AND-with-EXISTS
    [76]    4  gap-empty-OR-sentinel
    [106]    4  gap-related-with-OR-inner
    [47]    4  op-LIKE-underscore
    [57]    4  exists-or-inner
    [87]    4  gap-AND-NOT-EXISTS-EXISTS
    [97]    4  gap-5-level-pathological-nesting
    [127]    4  gap-edit-multi-branch
    [147]    4  gap-LIKE-underscore
    [18]    4  convs-with-messages-exists
    [78]    4  gap-permissions-system-CSQ
    [138]    4  gap-orderBy-3-cols
    [148]    4  gap-LIKE-escaped-percent
    [19]    4  unassigned-tickets
    [129]    4  gap-related-inner-sort-edit
    [159]    4  cursor-ord-text-tickets-priority
    [30]    3  default-channels-with-convs
    [51]    3  op-IN-number
    [71]    3  multi-sibling-related
    [81]    3  gap-alias-collision-csq-vs-related
    [101]    3  gap-Skip-exact-match-inclusive
    [141]    3  gap-empty-AND-sentinel
    [23]    3  tickets-multi-sort
    [33]    3  recent-edited-messages
    [83]    3  gap-sort-column-edit
    [ 4]    3  high-priority-open-tickets
    [54]    3  op-IS-NOT-NULL
    [94]    3  gap-AND-OR-of-EXISTS-and-simple
    [15]    3  conv-with-msgs-1
    [45]    3  channels-or-private-or-not-blocked-PROD-REPRO
    [85]    3  gap-Skip-inclusive
    [105]    3  gap-related-4-levels-deep
    [155]    3  ord-multikey-status-assignee-created
    [36]    3  msgs-partitioned-conv-2
    [56]    3  exists-compound-inner
    [86]    3  gap-JSON-IS-NOT-NULL
    [96]    3  gap-4-level-nested-bool
    [146]    3  gap-ILIKE-mixed-case
    [17]    3  channels-with-participants
    [137]    3  gap-top-level-alias
    [ 8]    3  messages-with-attachments
    [68]    3  take-with-OR-EXISTS
    [49]    3  op-NOT-LIKE
    [79]    3  gap-self-ref-EXISTS
    [109]    3  gap-CSQ-scalar-true
    [139]    3  gap-explicit-schema-field
    [ 0]    2  users-by-status
    [20]    2  channels-with-convs-exists
    [150]    2  ord-enum-priority-asc
    [21]    2  empty-conversations
    [61]    2  shape-flat-OR-with-EXISTS
    [91]    2  gap-OR-3-children-2-CSQ
    [131]    2  gap-cascade-delete-target
    [151]    2  ord-enum-status-desc
    [52]    2  op-NOT-IN
    [62]    2  shape-OR-of-two-EXISTS
    [43]    2  open-unassigned-tickets-notexists
    [53]    2  op-IS-NULL
    [113]    2  gap-IN-single-value
    [123]    2  gap-AND-with-NULL-branch
    [74]    2  gap-NOT-ILIKE
    [65]    2  shape-OR-of-ANDs-with-EXISTS
    [145]    2  gap-LIKE-contains
    [46]    2  op-LIKE-pct
    [116]    2  gap-IN-mixed-types
    [ 7]    2  all-tickets-sorted
    [157]    2  ord-text-channel-name-asc
    [48]    2  op-ILIKE
    [58]    2  exists-nested-3-levels
    [88]    2  gap-AND-NOT-NOT-EXISTS
    [59]    2  exists-two-siblings-different-wheres
    [89]    2  gap-OR-NOT-NOT-EXISTS
    [99]    2  gap-Skip-without-Take
    [121]    1  gap-IS-NULL-on-non-null-col
    [92]    1  gap-OR-with-mixed-sign-AND-inner
    [156]    1  ord-text-name-desc
    [38]    1  channels-no-participants-limit

  Draining 45s for idle-reaper before final pprof snapshot...
  pprof final:    goroutines=26 (Δ+0)  heapInuse=124.5MB (Δ+86.4MB)
  ⚠️  heapInuse delta +86.4MB exceeds HEAP_DELTA_MAX_MB=12 — possible leak

  drift:  PASS (0 events)
  leak:   FAIL (delta exceeded)

FAIL: Soak test completed.
